2026-5-12 18:28:14-log: Cannot access game frame or container.
2026-5-12 18:28:15-debug: asset-db:require-engine-code (522ms)
2026-5-12 18:28:15-log: meshopt wasm decoder initialized
2026-5-12 18:28:15-log: [bullet]:bullet wasm lib loaded.
2026-5-12 18:28:15-log: [box2d]:box2d wasm lib loaded.
2026-5-12 18:28:15-log: Cocos Creator v3.8.8
2026-5-12 18:28:15-log: Using legacy pipeline
2026-5-12 18:28:15-log: Forward render pipeline initialized.
2026-5-12 18:28:15-debug: [Assets Memory track]: asset-db:worker-init: initEngine start:31.29MB, end 79.18MB, increase: 47.89MB
2026-5-12 18:28:16-debug: [Assets Memory track]: asset-db:worker-init: initPlugin start:79.28MB, end 274.27MB, increase: 194.99MB
2026-5-12 18:28:17-debug: run package(runtime-dev-tools) handler(enable) start
2026-5-12 18:28:17-debug: run package(taobao-mini-game) handler(enable) success!
2026-5-12 18:28:17-debug: run package(vivo-mini-game) handler(enable) start
2026-5-12 18:28:17-debug: run package(runtime-dev-tools) handler(enable) success!
2026-5-12 18:28:17-debug: run package(web-desktop) handler(enable) start
2026-5-12 18:28:17-debug: run package(web-desktop) handler(enable) success!
2026-5-12 18:28:17-debug: run package(web-mobile) handler(enable) success!
2026-5-12 18:28:17-debug: run package(web-mobile) handler(enable) start
2026-5-12 18:28:17-debug: run package(wechatgame) handler(enable) start
2026-5-12 18:28:17-debug: run package(wechatgame) handler(enable) success!
2026-5-12 18:28:17-debug: run package(wechatprogram) handler(enable) success!
2026-5-12 18:28:17-debug: run package(windows) handler(enable) start
2026-5-12 18:28:17-debug: run package(windows) handler(enable) success!
2026-5-12 18:28:17-debug: run package(xiaomi-quick-game) handler(enable) start
2026-5-12 18:28:17-debug: run package(taobao-mini-game) handler(enable) start
2026-5-12 18:28:17-debug: run package(wechatprogram) handler(enable) start
2026-5-12 18:28:17-debug: run package(xiaomi-quick-game) handler(enable) success!
2026-5-12 18:28:17-debug: run package(cocos-service) handler(enable) success!
2026-5-12 18:28:17-debug: run package(vivo-mini-game) handler(enable) success!
2026-5-12 18:28:17-debug: run package(im-plugin) handler(enable) start
2026-5-12 18:28:17-debug: run package(cocos-service) handler(enable) start
2026-5-12 18:28:17-debug: run package(placeholder) handler(enable) start
2026-5-12 18:28:17-debug: run package(im-plugin) handler(enable) success!
2026-5-12 18:28:17-debug: run package(placeholder) handler(enable) success!
2026-5-12 18:28:17-debug: asset-db:worker-init: initPlugin (2018ms)
2026-5-12 18:28:17-debug: [Assets Memory track]: asset-db:worker-init start:31.29MB, end 275.26MB, increase: 243.97MB
2026-5-12 18:28:17-debug: Run asset db hook programming:beforePreStart success!
2026-5-12 18:28:17-debug: Run asset db hook programming:beforePreStart ...
2026-5-12 18:28:17-debug: Run asset db hook engine-extends:beforePreStart ...
2026-5-12 18:28:17-debug: Run asset db hook engine-extends:beforePreStart success!
2026-5-12 18:28:17-debug: asset-db:worker-init (2875ms)
2026-5-12 18:28:17-debug: asset-db-hook-programming-beforePreStart (190ms)
2026-5-12 18:28:17-debug: asset-db-hook-engine-extends-beforePreStart (189ms)
2026-5-12 18:28:17-debug: Preimport db internal success
2026-5-12 18:28:17-debug: Preimport db assets success
2026-5-12 18:28:17-debug: Run asset db hook programming:afterPreStart ...
2026-5-12 18:28:17-debug: starting packer-driver...
2026-5-12 18:28:18-debug: initialize scripting environment...
2026-5-12 18:28:18-debug: [[Executor]] prepare before lock
2026-5-12 18:28:18-debug: Set detail map pack:///resolution-detail-map.json: {}
2026-5-12 18:28:18-debug: Run asset db hook programming:afterPreStart success!
2026-5-12 18:28:18-debug: Run asset db hook engine-extends:afterPreStart success!
2026-5-12 18:28:18-debug: Run asset db hook engine-extends:afterPreStart ...
2026-5-12 18:28:18-debug: Start up the 'internal' database...
2026-5-12 18:28:18-debug: [[Executor]] prepare after unlock
2026-5-12 18:28:18-debug: asset-db-hook-programming-afterPreStart (980ms)
2026-5-12 18:28:18-debug: asset-db:worker-effect-data-processing (293ms)
2026-5-12 18:28:18-debug: asset-db-hook-engine-extends-afterPreStart (294ms)
2026-5-12 18:28:18-debug: Run asset db hook engine-extends:afterStartDB ...
2026-5-12 18:28:18-debug: recompile effect.bin success
2026-5-12 18:28:18-debug: Start up the 'assets' database...
2026-5-12 18:28:18-debug: Run asset db hook engine-extends:afterStartDB success!
2026-5-12 18:28:18-debug: asset-db:worker-effect-data-processing (267ms)
2026-5-12 18:28:18-debug: asset-db-hook-engine-extends-afterStartDB (267ms)
2026-5-12 18:28:18-debug: Run asset db hook engine-extends:afterStartDB ...
2026-5-12 18:28:19-debug: recompile effect.bin success
2026-5-12 18:28:19-debug: Run asset db hook engine-extends:afterStartDB success!
2026-5-12 18:28:19-debug: lazy register asset handler *
2026-5-12 18:28:19-debug: [Assets Memory track]: asset-db:worker-init: startup start:274.91MB, end 300.79MB, increase: 25.88MB
2026-5-12 18:28:19-debug: lazy register asset handler directory
2026-5-12 18:28:19-debug: lazy register asset handler text
2026-5-12 18:28:19-debug: lazy register asset handler json
2026-5-12 18:28:19-debug: lazy register asset handler spine-data
2026-5-12 18:28:19-debug: lazy register asset handler dragonbones
2026-5-12 18:28:19-debug: lazy register asset handler dragonbones-atlas
2026-5-12 18:28:19-debug: lazy register asset handler terrain
2026-5-12 18:28:19-debug: lazy register asset handler javascript
2026-5-12 18:28:19-debug: lazy register asset handler typescript
2026-5-12 18:28:19-debug: lazy register asset handler scene
2026-5-12 18:28:19-debug: lazy register asset handler prefab
2026-5-12 18:28:19-debug: lazy register asset handler sprite-frame
2026-5-12 18:28:19-debug: lazy register asset handler tiled-map
2026-5-12 18:28:19-debug: lazy register asset handler buffer
2026-5-12 18:28:19-debug: lazy register asset handler image
2026-5-12 18:28:19-debug: lazy register asset handler sign-image
2026-5-12 18:28:19-debug: lazy register asset handler texture
2026-5-12 18:28:19-debug: lazy register asset handler alpha-image
2026-5-12 18:28:19-debug: lazy register asset handler erp-texture-cube
2026-5-12 18:28:19-debug: lazy register asset handler texture-cube
2026-5-12 18:28:19-debug: lazy register asset handler render-texture
2026-5-12 18:28:19-debug: lazy register asset handler texture-cube-face
2026-5-12 18:28:19-debug: lazy register asset handler rt-sprite-frame
2026-5-12 18:28:19-debug: lazy register asset handler gltf-mesh
2026-5-12 18:28:19-debug: lazy register asset handler gltf
2026-5-12 18:28:19-debug: lazy register asset handler gltf-animation
2026-5-12 18:28:19-debug: lazy register asset handler gltf-skeleton
2026-5-12 18:28:19-debug: lazy register asset handler gltf-material
2026-5-12 18:28:19-debug: lazy register asset handler gltf-embeded-image
2026-5-12 18:28:19-debug: lazy register asset handler gltf-scene
2026-5-12 18:28:19-debug: lazy register asset handler fbx
2026-5-12 18:28:19-debug: lazy register asset handler material
2026-5-12 18:28:19-debug: lazy register asset handler physics-material
2026-5-12 18:28:19-debug: lazy register asset handler effect-header
2026-5-12 18:28:19-debug: lazy register asset handler effect
2026-5-12 18:28:19-debug: lazy register asset handler audio-clip
2026-5-12 18:28:19-debug: lazy register asset handler animation-clip
2026-5-12 18:28:19-debug: lazy register asset handler animation-graph
2026-5-12 18:28:19-debug: lazy register asset handler animation-graph-variant
2026-5-12 18:28:19-debug: lazy register asset handler animation-mask
2026-5-12 18:28:19-debug: lazy register asset handler ttf-font
2026-5-12 18:28:19-debug: lazy register asset handler bitmap-font
2026-5-12 18:28:19-debug: lazy register asset handler sprite-atlas
2026-5-12 18:28:19-debug: lazy register asset handler auto-atlas
2026-5-12 18:28:19-debug: lazy register asset handler label-atlas
2026-5-12 18:28:19-debug: lazy register asset handler render-pipeline
2026-5-12 18:28:19-debug: lazy register asset handler render-stage
2026-5-12 18:28:19-debug: lazy register asset handler particle
2026-5-12 18:28:19-debug: lazy register asset handler render-flow
2026-5-12 18:28:19-debug: lazy register asset handler instantiation-material
2026-5-12 18:28:19-debug: lazy register asset handler instantiation-mesh
2026-5-12 18:28:19-debug: lazy register asset handler instantiation-animation
2026-5-12 18:28:19-debug: lazy register asset handler instantiation-skeleton
2026-5-12 18:28:19-debug: lazy register asset handler video-clip
2026-5-12 18:28:19-debug: asset-db:worker-effect-data-processing (274ms)
2026-5-12 18:28:19-debug: asset-db-hook-engine-extends-afterStartDB (274ms)
2026-5-12 18:28:19-debug: asset-db:start-database (1892ms)
2026-5-12 18:28:19-debug: asset-db:ready (6848ms)
2026-5-12 18:28:19-debug: init worker message success
2026-5-12 18:28:19-debug: programming:execute-script (2ms)
2026-5-12 18:28:19-debug: [Build Memory track]: builder:worker-init start:298.81MB, end 308.09MB, increase: 9.28MB
2026-5-12 18:28:19-debug: builder:worker-init (334ms)
2026-5-12 18:29:10-debug: refresh db internal success
2026-5-12 18:29:10-debug: refresh db assets success
2026-5-12 18:29:10-debug: Run asset db hook engine-extends:afterRefresh ...
2026-5-12 18:29:10-debug: Run asset db hook engine-extends:afterRefresh success!
2026-5-12 18:29:10-debug: asset-db:refresh-all-database (214ms)
2026-5-12 18:29:10-debug: asset-db:worker-effect-data-processing (2ms)
2026-5-12 18:29:10-debug: asset-db-hook-engine-extends-afterRefresh (3ms)
2026-5-12 20:08:12-debug: refresh db internal success
2026-5-12 20:08:12-debug: refresh db assets success
2026-5-12 20:08:12-debug: Run asset db hook engine-extends:afterRefresh ...
2026-5-12 20:08:12-debug: Run asset db hook engine-extends:afterRefresh success!
2026-5-12 20:08:12-debug: asset-db:refresh-all-database (214ms)
2026-5-12 20:08:12-debug: asset-db:worker-effect-data-processing (6ms)
2026-5-12 20:08:12-debug: asset-db-hook-engine-extends-afterRefresh (6ms)
